[[  1.   3.  11. 110.  62.  22.   4.   0.  43.  21.  22.  18.   6.  28.
   64.   9.  11.   1.   0.   0.   1.  40. 101.  21.  20.   2.   4.   2.
    2.   9.  18.  35.   1.   1.   7.  25. 108. 116.  63.   2.   0.   0.
   11.  74.  40. 101. 116.   3.  33.   1.   1.  11.  14.  18. 116. 116.
   68.  12.   5.   4.   2.   2.   9. 102.  17.   3.  10.  18.   8.  15.
   67.  63.  15.   0.  14. 116.  80.   0.   2.  22.  96.  37.  28.  88.
   43.   1.   4.  18. 116.  51.   5.  11.  32.  14.   8.  23.  44.  17.
   12.   9.   0.   0.  19.  37.  85.  18.  16. 104.  22.   6.   2.  26.
   12.  58.  67.  82.  25.  12.   2.   2.  25.  18.   8.   2.  19.  42.
   48.  11.]
 [ 40.  25.  11.   0.  22.  31.   6.   8.  10.   3.   0.   1.  30.  91.
   88.  18.  38.  44.  16.   1.   5.  25.  70.  36.   1.  22.  10.   7.
   10.  40.  61.   1.  60.   9.   8.   4. 111.  45.  21.  45.   9.   1.
    1.  14. 111. 111.  70.  26.  95.  13.   3.   2.   3.  39. 111. 111.
   20.   3.  11.  11.   1.  32.  70.  22.  48.   8.   9.  25.  60.  26.
   14.  37.   4.   5.  65. 110. 111.  31.   1.   0. 101.  78.  84.  34.
    4.   2.   2.  29.  33.  44.  25.  22.   2.   0.   4.  18.  54.  51.
   24.  21.  12.  18.   5.   6.  11.  17. 100.  65.  50.  92.  37.  14.
   23.  77.  95.   9.   3.  14.  60.  40.   4.  30.  23.  32.  10.   3.
   19.  13.]
 [ 28.   4.   3.   6.   7.   2.   2.  18.  19.  37. 111.  16.  10.   2.
    6.  42.   6.   7. 114.  33.  16.  19.  10.  18.   5.   6.  73.   9.
    3.   3.   0.   7. 103.   6.   1.   1.   2.   2.   1.  60. 141.  98.
  139.  19.   0.   0.   3.  73.   7.  27. 141.  72.   0.   4.  15.  12.
    0.  10. 141.  88.   2.   2.   7.   6. 100.  43.   7.   5.   1.   0.
    0.  19. 141.  76.   0.   0.   0.   7.  19.  76.  14.   3.   2.   2.
    0.  18. 114.  49.   0.   1.   3.  12.   6.   5.  52.  50.  61.  64.
   21.  13.   0.   0.   0.   3.  86.  60.   0.   0.   6.  28.  24.  18.
    1.   0.   0.   0.   7.  41.  59.  17.   0.   0.   0.   0.   0.   2.
   54.  47.]
 [ 24.  12.  14.   8.   3.  12.   4.   8.   8.  12.  20.  17.   8.  67.
   66.   8.   8.   8.   1.   0.   0.  18. 119.  32.  12.   4.   7.   8.
    1.  18.  70.  20.  18.  35.  23.  25. 103.  34.   4.   5.   1.   1.
    4.  29. 119. 119.  77.   6.  72.   7.   5.   2.   0.  14. 119.  60.
  119.  12.   8.   3.   0.   1.  18.  38.   7.   6.   8.  27.  84.  53.
   22.   6.   0.   6.  60. 119. 104.  11.   0.   0.  42. 104. 119.  25.
    0.   0.   0.   7. 119.  98.  23.   0.   5.  20.   6.  11.   6.   7.
   14.   7.   6.   6.  12.  25.   4.   7.  68.  91.   2.   0.   1.   8.
    3.  87.  97.  17.   4.  30.   8.   0.   1.  39.  15.   0.  14. 103.
   16.   0.]
 [  0.   4.  47.  20.   9.   2.   1.   0.  41.  42.  80.   2.   0.   0.
    2.   1.  56.  42.  27.  31.  10.   0.   0.   0.   5.   0.   3.  40.
   17.   0.   2.  12.   8.  22. 112.  21.   2.   4.  39.  39.  52. 126.
  128.  35.   0.   0.   3.  46.  15.  25. 127. 128.  11.   0.   0.   1.
    1.   0.  11. 123.  51.   2.   2.   4.  49.   4.   0.   0.  37.  27.
   38.  59. 128.  25.   6.  10.   1.   7.   7. 128.  24.   1.   7.  92.
   69. 106.   9.  23.   0.   0.   7.  84.  37.  54.  42.   4.  65.  18.
    4.   5.  18.  10.   0.   2. 128.  29.   0.   0.   6.  25.  10.  28.
    8.   0.   0.   0.  47. 128.  21.   6.   0.   0.   0.   0.   8.  69.
   45.   2.]
 [ 16.  52.  32.  13.   2.   6.  34.  49.  45.  83.   6.   2.  26.  57.
   14.  46.  19.   9.   4.  13.  53. 104.  33.  11.  25.  19.  30.  10.
    7.   2.   8.   7.  25.   1.   2.  25.  24.  28.  61.  83.  41.   9.
   14.   3.   7. 114. 114. 114. 114.   5.   5.   1.   5. 114.  73.  75.
  106.   3.   5.   6.   6.   8.  15.  45.   2.  15.   7. 114. 103.   6.
    5.   4.   9.  67.  47.  22.  32.  27.  41.  10. 114.  36.  43.  42.
   23.   9.   7.  30. 114.  19.   7.   5.   6.   6.  21.  48.   2.   1.
    0.   8. 114.  13.   0.   1.  53.  83.  14.   8.  16.  12.  16.  20.
   27.  87.  45.  50.  15.   5.   5.   6.  32.  49.  21.   7.   5.   0.
    5.   8.]
 [ 21.  17.  52.  17.  17.  10.  10.   8.  25.  12.  16.  15.  32.  77.
  120.  38.  43.   5.  21.  36.  40.  17.  34.  78.  23.   4.   1.  12.
   30.  16.  20.  41.   1.   0.   3.   4.  57.  79. 108.  14.  36.   0.
    0.  12. 120. 120.  84.  40. 120.   6.   0.  32.  22.   8.  44. 120.
   46.  27.   2.  31.  22.   4.  23.  21.  12.   8.  13.  11.  28.  40.
   30.   3.  34.  33.  68. 120.  32.  16.   4.   2. 120. 104.  17.  19.
    0.   0.   9.  33.  44.  49.   1.   2.   7.  11.  10.  20.  65.  16.
   10.   3.   0.   3.   1.  10. 112.  35.  85. 120.  21.   0.   2.  38.
   34.  51.  62.  73.  11.   0.   1.   1.  21.  31.   6.   8.   8.   1.
    2.   9.]
 [  3.   1.   0.   1.   1.   1.   0.   2.  11.  15.  12.  12.   5.   1.
    0.   6. 128.  80.  54.  14.   0.   0.   0.  12.  34.  10. 100. 107.
    0.   0.   0.   4.   6.   4.  10.   4.   0.   0.   0.   9.  11.   4.
    7.  23.   5.   0.   3.  30. 128.   8.   1.   3.   3.   0.   1. 128.
  124.   9.  27.  58.   2.   2.   2.  40.   7.  48. 122.  20.   0.   0.
    0.   2.   2.   6. 128.  80.   4.   0.   1.   4. 128.  52. 128.  42.
    3.   1.   0.  45. 128.  31.  14.  22.   9.   1.   8.  40.  44.  50.
   34.   1.   0.   0.   0.   3.  26.  60. 128.  31.   0.   0.   1.   1.
   14.  32. 128.  65.  16.   6.   4.   1.  36.  20.  12.   5.  11.  25.
   51.  15.]
 [  1.  12.   4.   2.  41.  40.  19.   5.   3.  30.  29.  22.  13.   3.
    0.   0.   1.   5.  27.  54.  36.   4.   6.  10.  49.   0.   0.   6.
   11.   3.  10.  60. 101.  18.   1.   1.   5.  12.  34.  43.  62. 108.
   66.  13.   0.   0.   4.   8.   4.  49. 122. 122.  32.   6.   7.   0.
   74.   8.   8. 122.  45.   5.   2.  43. 122.  26.   3.   4.   8.   1.
    3.  17. 122.  75.   7.   0.   2.  33.  40.  73.  12.  17.  27.  38.
   38. 122. 122.  13.  38.  26.  17.  74.  58.  56.  57.  23.  16.  28.
    5.   3.  11.  21.   9.  12.  14.   1.   1.   0.   7.  32.  81.  90.
    8.   3.  12.  13.  93.  97.  61.  18.  99.   9.   8.   4.   9.   6.
   17.  50.]
 [  0.  11.  77.  24.   3.   0.   0.   0.  28.  70. 125.   8.   0.   0.
    0.   0.  44.  35.  50.  45.   9.   0.   0.   0.   4.   0.   4.  56.
   18.   0.   3.   9.  16.  17.  59.  10.  10.   8.  57.  57. 100. 105.
  125.  41.   1.   0.   6.  92.   8.  14.  73. 125.  29.   7.   0.   5.
    0.   0.   8. 124.  66.   6.   3.   1.  63.   5.   0.   1.  49.  32.
   17.  35. 125.  21.   0.   3.   2.  12.   6. 109.  21.   0.   0.  35.
   74. 125.  14.  23.   0.   0.   6.  50.  25.  70.  64.   7.  59.  18.
    7.  16.  22.   5.   0.   1. 125.  23.   1.   0.   7.  30.  14.  32.
    4.   0.   2.   2.  59. 125.  19.   4.   0.   0.   2.   1.   6.  53.
   33.   2.]]
[[932085 934876 561813 708177 706771 695756 435345 701258 455537 872728
   36538 562594 908244 600499 893601 619660 562167 746931 565419 236647
  568573 565814  36267   2176 931632 454263   3752 910119 722642 843384
  886630  68299 779712 871066 721706  49874 886222 480497 619829 701919
     882  87578 224263   4009 871568 478814 225116 904911 391655 541845
  565484   2837 102903 159953 171663 957845 791852 368702 453447 915482
  930567 544275 180955  59844 882946 899809 882961 988166 860056 221339
  556209 544202 394507 486457 529986 732473 104122 923811 564914  36139
  710644 806773 465294 237161 871048 569837 374617 463781 956733 919197
  678385 158759 240996 931948  16429  91348  63349 398306 931721 989762]
 [413247 413071 706838 880592 249062 400194 942339 880462 987636 941776
  420802 586780 833054 248426 849742 208391 271353 192537 987215 832927
   20845 948375 266890 202612 980641 183334 517923 976547 517238 133524
  833335 974985 560219 731804  71819 980027 538702 766416 987696 122309
  541805 480949 826670 974930 522078  14836 543219 239335 250786 833086
  406020 598353 491737 957556 956542 214501 133522 974481 250884 395932
  123544 207435 522482 913887 807790 808402 850854 509041 378239 411149
  868337 837940 704973 196686 275502 915764  17970 678724 908803 855295
  741996 913942 490751 739835 730127 618740 394982 253083 993635   2781
  496660 947005 502126 888719 705714 125095 862007 855176 846198 987074]
 [669835 408764 408462 408855 551661 861882 406273 406324 551743 861530
  402106 239766 823095 900097 431595 527380 306132 104247 906773 401804
  905339  69035 778799  62269 311367 678042 150588 744548 736302 230295
   55587 695462 869379 260648 534822 716686  57338 609782 776491 467531
   30990 299398 937126 762362 742644 392607 529249   2707 678139 322818
  308135 115312 575505 743053  10065 889222 104121 398086 227542 778663
  562123 533274 401475  23781 606268 980997 917085 370619 669801 742474
  829132 299884 139967 669812 517105 534769 960494 746345  70410 929594
  736271 370467 560627 122220 518868 295154 227807 861555  55454 609891
  577672 331338 770558 516925 762311 468824 823033 310475 971815 937903]
 [970797 125539  48044 191115 889039 546470 123985 546496 207768 831905
  832999 190692 191317 190621 855554 443320 722075 993773 907380 919152
  546767 899013 546122 914682 885741 546766 190728 191905 190587 967144
  190999 191092 190630 190795 889916 857203 393121 546487 941084 191161
  852717 443311 852354 839734 545314 886001 900649 956544 191169  81001
  546469 545926 919489 192051 885710 190996 190895  81147 191822 768705
  678788 609251 681907 122827 102152 994263 703398 848283 889896 832895
  801041 960691 708739 210617 930433 852240 545164 443513 947002 681846
   14185 889094 996934 867686 900638 885838 502128 912689 912148  13832
  855019 564021 190979 807831 847143 885894 190642 443325 886122 780591]
 [340871 748397 748193 175336 716433 112586 107281 416604 371420 368246
  279082 340288 953387 175407 491554 807785 403978 549505  79424  59308
  755045  81533 549359 956898 108257 278744 151654 279356 548521 279274
  110691 279095 355111 278801   4719 760097 495828 566738  30116 101436
  748799 122623 112076 533494 671857 292169 535022 305983 662906 292963
  421011 201628 265906 822312 293118 236863 997836 953177 358802 292804
  322138 105778 199903 264181 592673 489692 123410 170547 866737 713777
  724160 106921 720273  60607 295813 259196 291948 292815 694164 472001
  547650 279883 279725   5164 292129 780441 115897 280705 352135 535320
  306702  34537 441587 242102 610628  31961 313434 109870 693394 240166]
 [187470 220473  67875 460733 896005  27746 943689 669622 947299 515025
  682308 974597 998531 947091 538844   1097 884534 883854 884645 690807
  425904 187569 462444  47504 627930 895895 220026 974381 221336 893231
  939004 489179 426199 884471 207170 167626 196513 275329  25763 836747
  172901 281457 668296 404526 426436 726717 670336 947153 391572 463571
  266311 202033 947500 464669   1239 930125 929813 491185 209626  27206
   14279 564657 976161 226696 185411 403958 463353 222790 434396 168136
  520833 183814 599042 530422 821288 126433 225852 767710 875009 425748
  888753 951179 501261 813939 105686 207290 207212 670495 250269  28960
  514251 457942 457615 935054   4943 694189 345957 106854 929646  50723]
 [402219 982379 652078 880346  59540 511412 595673 703786 982409 596714
   60092 598221 389891 842282 872343 595438 415400 667973 596912 670041
  522296 859484 238549 670049 160422 748118  16210 628383 398827 522384
  170274 844665 706839   2456 169794 877113 839672 439684 541872 779317
  681834 160375 705074 336470 923329 565415 577159 683474 921139 746690
  565610 748249 167059 996921 522402 170076 921791 925875 595090 565086
  393441 628436 891908 160084 598020 757348 843782 912216 842922 221426
    3013 248825 863602 919206 482593  61197 758296 749960  60556 945657
  628273 223504 881007 210866 112891 918545 629121 886772 947390 844535
  223613 216548 751147 864289   1682 142347 988960   8581 629643 726241]
 [906750 618842 807599 569178 107468 207868 476215 762217 762237   5447
  112942 543133   5868 108097  51349 255657 325150 479784 258846 235792
   37728 994709 570259 997837 280624 259387 376741  55254 695955 995722
   50564 124488 807699 258018 476618 558460 344109 890779 826666 388851
  375418  53320 768332 175989 262980 619025 870732  38699 866796 800663
  153018 637614 847345 469613 153004 472169  38783   3109 504466 247071
  429332  55283 888820 172116 809598   5671 599751  57636 692410  57655
  682785 140732 994044 639916 825316  53230  56999 183058 928837 950313
  228569 819353 129944 419659  46107 478652  39873 558464 962573 367236
  151626 874617 745044 796672 441060 906223 747118 653776 314161  56155]
 [376328 325865 323160 376277 323464 724549 176970 695175 803977 181435
  724587 351923 724084 100898 285272 385044 678764 724022 176492 115622
  340986 695560 106704 552019 967581 184809 483442 525034 175802 184534
  307306 322999 964785  99720 358288 421656 696795 344536 279800 525135
  810070 685550 467684 724380 263889 723928 337461 123484 955531 719738
  690655 126634 121179 351719 353257 519420 567762 485895 770827 389108
    9628 384850 262609 134502 278729 281770 354520 162410 171817 113490
  690374 699682 343105 320826 467265 340781 389095 810241 686147 599095
   79518 723692 376619 389392 163910 530192 195048 273864 315322 279955
  686904 723941  30391 105954 306389 164055 474705 963296 180141 481098]
 [178811 177646 181997 181605 821938 807785 716433 358802 803100 866737
  153488 279356 581962 236863 292077 660288 271832 193016 322138 172219
  495449 514258 748397 279082 261319 151491 514230 610681 548521 278861
  748193 535022 466909 278883 671857 244946 956762 182520 610628 175407
  669381 549359 253710 291945 324445 612270 732351 746863 159154 883543
  171008 421169 521119 635097 724160 432648 314657 271619 192803 771950
  611164 356043 364724 924659 427012 511892 514893 294281 547839 432653
  512012 278744 259881 172320 252957 905053 179130 313059 732354 805512
  371420 584541 495828 391916 573146 101436   4764 305719 340288 292169
  372961 260258 516031 259196 392110 560740 745882   4719 178867 279883]]
