/aknn/test/maintest.py
maxelement,k,partitionnum,topkPartitionNum,ef,m,distanceFunction,kmeanstrainrate,efConstruction,usesift:
 100000000 10 8 3 88 50 cosine 0.05 35 True
efConstruction cmp 10
(result.count()) 10000
searchtimeUsed:  17695.40500640869
constructtimeUsed:  58891.425132751465
l 10000 k 10
recall = cnt/float(l*k) 62456   l 10000 k 10
recall: 0.62456
efConstruction cmp 15
(result.count()) 10000
searchtimeUsed:  17455.52921295166
constructtimeUsed:  59247.00927734375
l 10000 k 10
recall = cnt/float(l*k) 69199   l 10000 k 10
recall: 0.69199
efConstruction cmp 30
(result.count()) 10000
searchtimeUsed:  21461.42816543579
constructtimeUsed:  83575.70552825928
l 10000 k 10
recall = cnt/float(l*k) 89506   l 10000 k 10
recall: 0.89506
maxelement = 100000000
k=10
partitionnum=8
topkPartitionNum=3

sc = 1
m = int(50)
distanceFunction='cosine'
kmeanstrainrate=0.05

efConstruction=35
ef = int(4*22)
usesift=True

kmeanspath="/aknn/kmeans/"

gistlist=["gistpartition.csv","gistcentroids2.csv","gistcentroids1.csv"]  
siftlist=["siftpartition.csv","siftcentroids1.csv","siftcentroids2.csv"]

"""
datapath="/my/siftsmall/"
traindatapath=datapath+"siftsmall_base.fvecs"
querydatapath=datapath+"siftsmall_query.fvecs"
querygroundtruthpath=datapath+"siftsmall_groundtruth.ivecs"
"""
datapath="/data/"
traindatapath=datapath+"sift_base.fvecs"
querydatapath=datapath+"sift_query.fvecs"
querygroundtruthpath=datapath+"sift_groundtruth.ivecs"


gistpath="/data/mnist.hdf5"
# ef=10, efConstruction=200


recall = cnt/float(l*k) 62456   l 10000 k 10
recall: 0.62456
recall = cnt/float(l*k) 69199   l 10000 k 10
recall: 0.69199
recall = cnt/float(l*k) 89506   l 10000 k 10
recall: 0.89506
