/aknn/test/maintest.py
maxelement,k,partitionnum,topkPartitionNum,ef,m,distanceFunction,kmeanstrainrate,efConstruction,usesift:
 100000000 10 8 3 88 50 cosine 0.05 35 True
efConstruction cmp 10
(result.count()) 10000
searchtimeUsed:  14756.173372268677
constructtimeUsed:  73973.44923019409
l 10000 k 10
recall: 0.84829
efConstruction cmp 15
(result.count()) 10000
searchtimeUsed:  15023.348569869995
constructtimeUsed:  72342.72336959839
l 10000 k 10
recall: 0.87351
efConstruction cmp 30
(result.count()) 10000
searchtimeUsed:  16748.36564064026
constructtimeUsed:  72299.4635105133
l 10000 k 10
recall: 0.90257
efConstruction cmp 40
(result.count()) 10000
searchtimeUsed:  19724.00736808777
constructtimeUsed:  81186.73491477966
l 10000 k 10
recall: 0.96621
efConstruction cmp 80
(result.count()) 10000
searchtimeUsed:  28937.756061553955
constructtimeUsed:  155496.74677848816
l 10000 k 10
recall: 0.99039
maxelement = 100000000
k=10
partitionnum=8
topkPartitionNum=3

sc = 1
m = int(50)
distanceFunction='cosine'
kmeanstrainrate=0.05

efConstruction=35
ef = int(4*22)
usesift=True

kmeanspath="/aknn/kmeans/"

gistlist=["gistpartition.csv","gistcentroids2.csv","gistcentroids1.csv"]  
siftlist=["siftpartition.csv","siftcentroids1.csv","siftcentroids2.csv"]

"""
datapath="/my/siftsmall/"
traindatapath=datapath+"siftsmall_base.fvecs"
querydatapath=datapath+"siftsmall_query.fvecs"
querygroundtruthpath=datapath+"siftsmall_groundtruth.ivecs"
"""
datapath="/data/"
traindatapath=datapath+"sift_base.fvecs"
querydatapath=datapath+"sift_query.fvecs"
querygroundtruthpath=datapath+"sift_groundtruth.ivecs"


gistpath="/data/mnist.hdf5"
# ef=10, efConstruction=200


recall: 0.84829
recall: 0.87351
recall: 0.90257
recall: 0.96621
recall: 0.99039
