for i in efConstructionlist:
efConstruction cmp 20
SparkHnsw():
fractions = df {0: 0.05, 1: 0.05, 2: 0.05, 3: 0.05, 4: 0.05, 5: 0.05, 6: 0.05, 7: 0.05}
hnsw_global_index test
Adding first batch of 26 elements
Traceback (most recent call last):
  File "/workspace/test/maintest.py", line 279, in <module>
    SparkHnsw()
  File "/workspace/test/maintest.py", line 138, in SparkHnsw
    topkPartitionNum=topkPartitionNum,knnQueryNum=30)    
TypeError: processQueryVec() got an unexpected keyword argument 'partitionCol'
maxelement = 100000000
k=10
partitionnum=8
topkPartitionNum=3

sc = 1
m = int(50)
distanceFunction='cosine'
kmeanstrainrate=0.05

efConstruction=35
ef = int(4*22)
"""
datapath="/my/siftsmall/"
traindatapath=datapath+"siftsmall_base.fvecs"
querydatapath=datapath+"siftsmall_query.fvecs"
querygroundtruthpath=datapath+"siftsmall_groundtruth.ivecs"
"""
datapath="/my/sift/"
traindatapath=datapath+"sift_base.fvecs"
querydatapath=datapath+"sift_query.fvecs"
querygroundtruthpath=datapath+"sift_groundtruth.ivecs"

# ef=10, efConstruction=200


def initparams():
    global maxelement,k,partitionnum,topkPartitionNum,ef,m,distanceFunction,kmeanstrainraten,efConstruction
    maxelement = 100000000
    k=10
    partitionnum=8
    topkPartitionNum=5
    
    sc = 1
    m = int(50)
    distanceFunction='cosine'
    kmeanstrainrate=0.05
    efConstruction=85
    ef = efConstruction
