 
recall: 0.79242
totalconstructtime 190776.92985534668 kmeanspartitiontime 9181.964635848999 localindexconstructtime 180281.7440032959 globalindexconstructtime 1313.2212162017822
totalsearchtime 12627.326250076294 localsearchtime 12552.385091781616 globalsearchtime 74.94115829467773
hello world testdoublekmeansHnsw

recall: 0.83855
totalconstructtime 198897.12810516357 kmeanspartitiontime 8377.05945968628 localindexconstructtime 189200.65093040466 globalindexconstructtime 1319.4177150726318
totalsearchtime 12581.13145828247 localsearchtime 12507.218360900879 globalsearchtime 73.9130973815918
hello world testdoublekmeansHnsw
 
recall: 0.93558
totalconstructtime 195067.91472434998 kmeanspartitiontime 9543.052196502686 localindexconstructtime 184206.3374519348 globalindexconstructtime 1318.5250759124756
totalsearchtime 15141.392946243286 localsearchtime 15067.421674728394 globalsearchtime 73.97127151489258
hello world testdoublekmeansHnsw

recall: 0.98325
totalconstructtime 391398.4866142273 kmeanspartitiontime 8321.032762527466 localindexconstructtime 381757.1144104004 globalindexconstructtime 1320.3394412994385
totalsearchtime 21283.632278442383 localsearchtime 21207.077264785767 globalsearchtime 76.55501365661621
hello world testdoublekmeansHnsw

recall: 0.98952
totalconstructtime 585251.6288757324 kmeanspartitiontime 9674.150466918945 localindexconstructtime 574255.4874420166 globalindexconstructtime 1321.990966796875
totalsearchtime 27694.811582565308 localsearchtime 27619.47727203369 globalsearchtime 75.33431053161621
hello world testdoublekmeansHnsw
 

0.79242 
0.83855
0.93558
0.98325
0.98952

12627.326250076294
12581.1314582824
15141.392946243286
21283.632278442383
27694.811582565308


recall = cnt/float(l*k) 79242   l 10000 k 10
recall: 0.79242
recall = cnt/float(l*k) 83855   l 10000 k 10
recall: 0.83855
recall = cnt/float(l*k) 93558   l 10000 k 10
recall: 0.93558
recall = cnt/float(l*k) 98325   l 10000 k 10
recall: 0.98325
recall = cnt/float(l*k) 98952   l 10000 k 10
recall: 0.98952
