start bruteForce

predict.count() 500
root
 |-- id: integer (nullable = false)
 |-- approximate: array (nullable = true)
 |    |-- element: struct (containsNull = true)
 |    |    |-- neighbor: integer (nullable = false)
 |    |    |-- distance: double (nullable = false)

timeUsed:  37793.354511260986 fit time 11792.970180511475
hello world bruteForce

end bruteForce

start efConstruction=250 

start efConstruction=300 

gist efConstruction 

Traceback (most recent call last):
  File "/tmp/data/newaknn/test/testdoublekmeans.py", line 399, in <module>
    usesift = false
NameError: name 'false' is not defined
maxelement = 100000000
k=10
partitionnum=8
topkPartitionNum=3

sc = 1
m = int(50)
distanceFunction='cosine'
kmeanstrainrate=0.05

efConstruction=35
ef = int(4*22)
usesift=True


"""
datapath="/my/siftsmall/"
traindatapath=datapath+"siftsmall_base.fvecs"
querydatapath=datapath+"siftsmall_query.fvecs"
querygroundtruthpath=datapath+"siftsmall_groundtruth.ivecs"


"""
datapath="/my/sift/"
traindatapath=datapath+"sift_base.fvecs"
querydatapath=datapath+"sift_query.fvecs"
querygroundtruthpath=datapath+"sift_groundtruth.ivecs"


gistpath="/sift/gist-960-euclidean.hdf5"
# ef=10, efConstruction=200


def initparams():
    global maxelement,k,partitionnum,topkPartitionNum,ef,m,distanceFunction,kmeanstrainraten,efConstruction,usesift
    maxelement = 100000000
    k=10
    partitionnum=8
    topkPartitionNum=5
    
    sc = 1
    m = int(50)
    distanceFunction='cosine'
    kmeanstrainrate=0.05
    efConstruction=85
    ef = efConstruction
    usesift=True