gist efConstruction 

for i in efConstructionlist:
efConstruction cmp gist 120
<class 'h5py._hl.files.File'>
<KeysViewHDF5 ['distances', 'neighbors', 'test', 'train']>
type(tmp),tmp[0:100],tmp.shape <class 'numpy.ndarray'> [[31]
 [43]
 [28]
 [33]
 [44]] (60000, 1) (60000, 3)
centroids1 (8, 784)
centroids2 (80, 784)
print(curdf[0]),curdf.shape (2999,) <class 'pandas.core.series.Series'>
start query
result.count() 10000
end query
l 10000 k 10
recall = cnt/float(l*k) 72066   l 10000 k 10
recall: 0.72066
totalconstructtime 32630.237579345703 kmeanspartitiontime 2536.0379219055176 localindexconstructtime 29883.687257766724 globalindexconstructtime 210.5123996734619
totalsearchtime 34872.68137931824 localsearchtime 34731.74953460693 globalsearchtime 140.9318447113037
hello world testdoublekmeansHnsw

end efConstructionlist
 [120]
maxelement = 100000000
k=10
partitionnum=8
topkPartitionNum=3

sc = 1
m = int(50)
distanceFunction='cosine'
kmeanstrainrate=0.05

efConstruction=35
ef = int(4*22)
usesift=True

kmeanspath="/aknn/kmeans/"

gistlist=["gistpartition.csv","gistcentroids2.csv","gistcentroids1.csv"]  
siftlist=["siftpartition.csv","siftcentroids1.csv","siftcentroids2.csv"]

"""
datapath="/my/siftsmall/"
traindatapath=datapath+"siftsmall_base.fvecs"
querydatapath=datapath+"siftsmall_query.fvecs"
querygroundtruthpath=datapath+"siftsmall_groundtruth.ivecs"
"""
datapath="/data/"
traindatapath=datapath+"sift_base.fvecs"
querydatapath=datapath+"sift_query.fvecs"
querygroundtruthpath=datapath+"sift_groundtruth.ivecs"


gistpath="/data/mnist.hdf5"
# ef=10, efConstruction=200


def initparams():
    global maxelement,k,partitionnum,topkPartitionNum,ef,m,distanceFunction,kmeanstrainraten,efConstruction,usesift
    maxelement = 100000000
    k=10
    partitionnum=8
    topkPartitionNum=5
    
    sc = 1
    m = int(50)
    distanceFunction='cosine'
    kmeanstrainrate=0.05
    efConstruction=85
    ef = efConstruction
    usesift=Truerecall = cnt/float(l*k) 72066   l 10000 k 10
recall: 0.72066
