gist efConstruction 

for i in efConstructionlist:
efConstruction cmp gist 120
<class 'h5py._hl.files.File'>
<KeysViewHDF5 ['distances', 'neighbors', 'test', 'train']>
type(tmp),tmp[0:100],tmp.shape <class 'numpy.ndarray'> [[17]
 [ 5]
 [ 2]
 [37]
 [33]] (60000, 1) (60000, 3)
centroids1 (8, 784)
centroids2 (40, 784)
print(curdf[0]),curdf.shape (3001,) <class 'pandas.core.series.Series'>
start query
result.count() 10000
end query
l 10000 k 10
recall = cnt/float(l*k) 72065   l 10000 k 10
recall: 0.72065
totalconstructtime 43268.61381530762 kmeanspartitiontime 3140.812397003174 localindexconstructtime 39827.33201980591 globalindexconstructtime 300.46939849853516
totalsearchtime 45869.62604522705 localsearchtime 45669.68870162964 globalsearchtime 199.9373435974121
hello world testdoublekmeansHnsw

end efConstructionlist
 [120]
maxelement = 100000000
k=10
partitionnum=8
topkPartitionNum=3

sc = 1
m = int(50)
distanceFunction='cosine'
kmeanstrainrate=0.05

efConstruction=35
ef = int(4*22)
usesift=True

kmeanspath="/aknn/kmeans/"

gistlist=["gistpartition.csv","gistcentroids2.csv","gistcentroids1.csv"]  
siftlist=["siftpartition.csv","siftcentroids1.csv","siftcentroids2.csv"]

"""
datapath="/my/siftsmall/"
traindatapath=datapath+"siftsmall_base.fvecs"
querydatapath=datapath+"siftsmall_query.fvecs"
querygroundtruthpath=datapath+"siftsmall_groundtruth.ivecs"
"""
datapath="/data/"
traindatapath=datapath+"sift_base.fvecs"
querydatapath=datapath+"sift_query.fvecs"
querygroundtruthpath=datapath+"sift_groundtruth.ivecs"


gistpath="/data/mnist.hdf5"
# ef=10, efConstruction=200


def initparams():
    global maxelement,k,partitionnum,topkPartitionNum,ef,m,distanceFunction,kmeanstrainraten,efConstruction,usesift
    maxelement = 100000000
    k=10
    partitionnum=8
    topkPartitionNum=5
    
    sc = 1
    m = int(50)
    distanceFunction='cosine'
    kmeanstrainrate=0.05
    efConstruction=85
    ef = efConstruction
    usesift=Truerecall = cnt/float(l*k) 72065   l 10000 k 10
recall: 0.72065
