gist efConstruction 

print(curdf[0]),curdf.shape (49998,) <class 'pandas.core.series.Series'>
start query
result.count() 10000
end query
l 10000 k 10
recall = cnt/float(l*k) 94999   l 10000 k 10
recall: 0.94999
totalconstructtime 375061.86962127686 kmeanspartitiontime 218858.811378479 localindexconstructtime 154189.91994857788 globalindexconstructtime 2013.1382942199707
totalsearchtime 23232.350826263428 localsearchtime 23119.621753692627 globalsearchtime 112.72907257080078
hello world testdoublekmeansHnsw

maxelement = 100000000
k=10
partitionnum=8
topkPartitionNum=3

sc = 1
m = int(50)
distanceFunction='cosine'
kmeanstrainrate=0.05

efConstruction=35
ef = int(4*22)
usesift=True

kmeanspath="/aknn/kmeans/"

gistlist=["gistpartition.csv","gistcentroids2.csv","gistcentroids1.csv"]  
siftlist=["siftpartition.csv","siftcentroids1.csv","siftcentroids2.csv"]

"""
datapath="/my/siftsmall/"
traindatapath=datapath+"siftsmall_base.fvecs"
querydatapath=datapath+"siftsmall_query.fvecs"
querygroundtruthpath=datapath+"siftsmall_groundtruth.ivecs"
"""
datapath="/data/"
traindatapath=datapath+"sift_base.fvecs"
querydatapath=datapath+"sift_query.fvecs"
querygroundtruthpath=datapath+"sift_groundtruth.ivecs"


gistpath="/data/mnist.hdf5"
# ef=10, efConstruction=200


def initparams():
    global maxelement,k,partitionnum,topkPartitionNum,ef,m,distanceFunction,kmeanstrainraten,efConstruction,usesift
    maxelement = 100000000
    k=10
    partitionnum=4
    topkPartitionNum=3
    sc = 1
    m = int(50)
    distanceFunction='cosine'
    kmeanstrainrate=0.05
    efConstruction=85
    ef = efConstruction
    usesift=Truerecall = cnt/float(l*k) 94999   l 10000 k 10
recall: 0.94999
