gist efConstruction 

for i in efConstructionlist: cmp 20
type(tmp),tmp[0:100],tmp.shape <class 'numpy.ndarray'> [[20]
 [13]
 [13]
 [13]
 [28]] (1000000, 1) (1000000, 3)
centroids1 (5, 128)
centroids2 (41, 128)
Traceback (most recent call last):
  File "/aknn/test/testdoublekmeans.py", line 441, in <module>
    testdoublekmeansHnswV2()
  File "/aknn/test/testdoublekmeans.py", line 359, in testdoublekmeansHnswV2
    words_df = sql_context.createDataFrame(df,curschema)
  File "/usr/spark-2.4.1/python/lib/pyspark.zip/pyspark/sql/context.py", line 307, in createDataFrame
  File "/usr/spark-2.4.1/python/lib/pyspark.zip/pyspark/sql/session.py", line 748, in createDataFrame
  File "/usr/spark-2.4.1/python/lib/pyspark.zip/pyspark/sql/session.py", line 430, in _createFromLocal
  File "/usr/spark-2.4.1/python/lib/pyspark.zip/pyspark/context.py", line 527, in parallelize
  File "/usr/spark-2.4.1/python/lib/pyspark.zip/pyspark/context.py", line 559, in _serialize_to_jvm
  File "/usr/spark-2.4.1/python/lib/pyspark.zip/pyspark/serializers.py", line 345, in dump_stream
  File "/usr/spark-2.4.1/python/lib/pyspark.zip/pyspark/serializers.py", line 142, in dump_stream
  File "/usr/spark-2.4.1/python/lib/pyspark.zip/pyspark/serializers.py", line 161, in _write_with_length
  File "/usr/lib/python3.5/tempfile.py", line 622, in func_wrapper
    return func(*args, **kwargs)
OSError: [Errno 28] No space left on device
maxelement = 100000000
k=10
partitionnum=8
topkPartitionNum=3

sc = 1
m = int(50)
distanceFunction='cosine'
kmeanstrainrate=0.05

efConstruction=35
ef = int(4*22)
usesift=True

kmeanspath="/aknn/kmeans/"

gistlist=["gistpartition.csv","gistcentroids2.csv","gistcentroids1.csv"]  
siftlist=["siftpartition.csv","siftcentroids1.csv","siftcentroids2.csv"]

"""
datapath="/my/siftsmall/"
traindatapath=datapath+"siftsmall_base.fvecs"
querydatapath=datapath+"siftsmall_query.fvecs"
querygroundtruthpath=datapath+"siftsmall_groundtruth.ivecs"
"""
datapath="/data/"
traindatapath=datapath+"sift_base.fvecs"
querydatapath=datapath+"sift_query.fvecs"
querygroundtruthpath=datapath+"sift_groundtruth.ivecs"


gistpath="/data/mnist.hdf5"
# ef=10, efConstruction=200


def initparams():
    global maxelement,k,partitionnum,topkPartitionNum,ef,m,distanceFunction,kmeanstrainraten,efConstruction,usesift
    maxelement = 100000000
    k=10
    partitionnum=4
    topkPartitionNum=3
    sc = 1
    m = int(50)
    distanceFunction='cosine'
    kmeanstrainrate=0.05
    efConstruction=85
    ef = efConstruction
    usesift=True