gist efConstruction 

for i in efConstructionlist: cmp 50
type(tmp),tmp[0:100],tmp.shape <class 'numpy.ndarray'> [[20]
 [13]
 [13]
 [13]
 [28]] (1000000, 1) (1000000, 3)
centroids1 (5, 128)
centroids2 (41, 128)
print(curdf[0]),curdf.shape (50000,) <class 'pandas.core.series.Series'>
start query
result.count() 10000
end query
l 10000 k 10
recall = cnt/float(l*k) 89072   l 10000 k 10
recall: 0.89072
totalconstructtime 281144.5002555847 kmeanspartitiontime 14674.945831298828 localindexconstructtime 264210.76488494873 globalindexconstructtime 2258.789539337158
totalsearchtime 27992.338180541992 localsearchtime 27781.25786781311 globalsearchtime 211.08031272888184
hello world testdoublekmeansHnsw

for i in efConstructionlist: cmp 80
type(tmp),tmp[0:100],tmp.shape <class 'numpy.ndarray'> [[20]
 [13]
 [13]
 [13]
 [28]] (1000000, 1) (1000000, 3)
centroids1 (5, 128)
centroids2 (41, 128)
print(curdf[0]),curdf.shape (50000,) <class 'pandas.core.series.Series'>
start query
result.count() 10000
end query
l 10000 k 10
recall = cnt/float(l*k) 92193   l 10000 k 10
recall: 0.92193
totalconstructtime 439279.96349334717 kmeanspartitiontime 13464.414119720459 localindexconstructtime 423546.17977142334 globalindexconstructtime 2269.369602203369
totalsearchtime 31539.381504058838 localsearchtime 31340.4598236084 globalsearchtime 198.92168045043945
hello world testdoublekmeansHnsw

for i in efConstructionlist: cmp 150
type(tmp),tmp[0:100],tmp.shape <class 'numpy.ndarray'> [[20]
 [13]
 [13]
 [13]
 [28]] (1000000, 1) (1000000, 3)
centroids1 (5, 128)
centroids2 (41, 128)
print(curdf[0]),curdf.shape (50000,) <class 'pandas.core.series.Series'>
start query
result.count() 10000
end query
l 10000 k 10
recall = cnt/float(l*k) 93068   l 10000 k 10
recall: 0.93068
totalconstructtime 674243.6661720276 kmeanspartitiontime 14626.647472381592 localindexconstructtime 658218.2683944702 globalindexconstructtime 1398.7503051757812
totalsearchtime 30673.568964004517 localsearchtime 30567.291498184204 globalsearchtime 106.2774658203125
hello world testdoublekmeansHnsw

for i in efConstructionlist: cmp 300
type(tmp),tmp[0:100],tmp.shape <class 'numpy.ndarray'> [[20]
 [13]
 [13]
 [13]
 [28]] (1000000, 1) (1000000, 3)
centroids1 (5, 128)
centroids2 (41, 128)
