gist efConstruction 

Traceback (most recent call last):
  File "/aknn/test/testdoublekmeans.py", line 413, in <module>
    testdoublekmeansHnswV2()
  File "/aknn/test/testdoublekmeans.py", line 298, in testdoublekmeansHnswV2
    traindata,numpyquerydata,groundtruth = gethdf5data()
  File "/aknn/test/testdoublekmeans.py", line 54, in gethdf5data
    f = h5py.File(gistpath,'r+')
  File "/usr/local/lib/python3.5/dist-packages/h5py/_hl/files.py", line 408, in __init__
    swmr=swmr)
  File "/usr/local/lib/python3.5/dist-packages/h5py/_hl/files.py", line 175, in make_fid
    fid = h5f.open(name, h5f.ACC_RDWR, fapl=fapl)
  File "h5py/_objects.pyx", line 54, in h5py._objects.with_phil.wrapper
  File "h5py/_objects.pyx", line 55, in h5py._objects.with_phil.wrapper
  File "h5py/h5f.pyx", line 88, in h5py.h5f.open
OSError: Unable to open file (unable to open file: name = '/sift/gist-960-euclidean.hdf5', errno = 2, error message = 'No such file or directory', flags = 1, o_flags = 2)
maxelement = 100000000
k=10
partitionnum=8
topkPartitionNum=3

sc = 1
m = int(50)
distanceFunction='cosine'
kmeanstrainrate=0.05

efConstruction=35
ef = int(4*22)
usesift=True

kmeanspath="/aknn/kmeans/"

gistlist=["gistpartition.csv","gistcentroids2.csv","gistcentroids1.csv"]  
siftlist=["siftpartition.csv","siftcentroids1.csv","siftcentroids2.csv"]

"""
datapath="/my/siftsmall/"
traindatapath=datapath+"siftsmall_base.fvecs"
querydatapath=datapath+"siftsmall_query.fvecs"
querygroundtruthpath=datapath+"siftsmall_groundtruth.ivecs"
"""
datapath="/my/sift/"
traindatapath=datapath+"sift_base.fvecs"
querydatapath=datapath+"sift_query.fvecs"
querygroundtruthpath=datapath+"sift_groundtruth.ivecs"


gistpath="/sift/gist-960-euclidean.hdf5"
# ef=10, efConstruction=200


def initparams():
    global maxelement,k,partitionnum,topkPartitionNum,ef,m,distanceFunction,kmeanstrainraten,efConstruction,usesift
    maxelement = 100000000
    k=10
    partitionnum=8
    topkPartitionNum=5
    
    sc = 1
    m = int(50)
    distanceFunction='cosine'
    kmeanstrainrate=0.05
    efConstruction=85
    ef = efConstruction
    usesift=True